<?xml version="1.0" encoding="UTF-8"?>
<!-- Generated by org.testng.reporters.JUnitReportReporter -->
<testsuite skipped="0" hostname="LAPTOP-3TJI9IRE" name="sort.TestDBConnection" tests="2" failures="0" timestamp="16 四月 2020 15:42:27 GMT" time="0.001" errors="0">
  <testcase name="runOtherTest2" time="0.000" classname="sort.TestDBConnection"/>
  <testcase name="runOtherTest1" time="0.001" classname="sort.TestDBConnection"/>
</testsuite> <!-- sort.TestDBConnection -->
